[0.287s] DEBUG:colcon:Command line arguments: ['/usr/bin/colcon', 'build']
[0.287s] DEBUG:colcon:Parsed command line arguments: Namespace(allow_overriding=[], ament_cmake_args=None, base_paths=['.'], build_base='build', catkin_cmake_args=None, catkin_skip_building_tests=False, cmake_args=None, cmake_clean_cache=False, cmake_clean_first=False, cmake_force_configure=False, cmake_target=None, cmake_target_skip_unavailable=False, continue_on_error=False, event_handlers=None, executor='parallel', ignore_user_meta=False, install_base='install', log_base=None, log_level=None, main=<bound method BuildVerb.main of <colcon_core.verb.build.BuildVerb object at 0x7f591d4946d0>>, merge_install=False, metas=['./colcon.meta'], packages_above=None, packages_above_and_dependencies=None, packages_above_depth=None, packages_end=None, packages_ignore=None, packages_ignore_regex=None, packages_select=None, packages_select_build_failed=False, packages_select_by_dep=None, packages_select_regex=None, packages_select_test_failures=False, packages_skip=None, packages_skip_build_finished=False, packages_skip_by_dep=None, packages_skip_regex=None, packages_skip_test_passed=False, packages_skip_up_to=None, packages_start=None, packages_up_to=None, packages_up_to_regex=None, parallel_workers=12, paths=None, symlink_install=False, test_result_base=None, verb_extension=<colcon_core.verb.build.BuildVerb object at 0x7f591d4946d0>, verb_name='build', verb_parser=<colcon_defaults.argument_parser.defaults.DefaultArgumentsDecorator object at 0x7f591d494c10>)
[0.311s] Level 1:colcon.colcon_core.package_discovery:discover_packages(colcon_meta) check parameters
[0.311s] Level 1:colcon.colcon_core.package_discovery:discover_packages(recursive) check parameters
[0.311s] Level 1:colcon.colcon_core.package_discovery:discover_packages(ignore) check parameters
[0.311s] Level 1:colcon.colcon_core.package_discovery:discover_packages(path) check parameters
[0.311s] Level 1:colcon.colcon_core.package_discovery:discover_packages(colcon_meta) discover
[0.311s] Level 1:colcon.colcon_core.package_discovery:discover_packages(recursive) discover
[0.311s] INFO:colcon.colcon_core.package_discovery:Crawling recursively for packages in '/home/meena/camera_ws'
[0.311s] Level 1:colcon.colcon_core.package_identification:_identify(.) by extensions ['ignore', 'ignore_ament_install']
[0.312s] Level 1:colcon.colcon_core.package_identification:_identify(.) by extension 'ignore'
[0.312s] Level 1:colcon.colcon_core.package_identification:_identify(.) by extension 'ignore_ament_install'
[0.312s] Level 1:colcon.colcon_core.package_identification:_identify(.) by extensions ['colcon_pkg']
[0.312s] Level 1:colcon.colcon_core.package_identification:_identify(.) by extension 'colcon_pkg'
[0.312s] Level 1:colcon.colcon_core.package_identification:_identify(.) by extensions ['colcon_meta']
[0.312s] Level 1:colcon.colcon_core.package_identification:_identify(.) by extension 'colcon_meta'
[0.312s] Level 1:colcon.colcon_core.package_identification:_identify(.) by extensions ['ros']
[0.312s] Level 1:colcon.colcon_core.package_identification:_identify(.) by extension 'ros'
[0.329s] Level 1:colcon.colcon_core.package_identification:_identify(.) by extensions ['cmake', 'python']
[0.329s] Level 1:colcon.colcon_core.package_identification:_identify(.) by extension 'cmake'
[0.329s] Level 1:colcon.colcon_core.package_identification:_identify(.) by extension 'python'
[0.329s] Level 1:colcon.colcon_core.package_identification:_identify(.) by extensions ['python_setup_py']
[0.329s] Level 1:colcon.colcon_core.package_identification:_identify(.) by extension 'python_setup_py'
[0.329s] Level 1:colcon.colcon_core.package_identification:_identify(build) by extensions ['ignore', 'ignore_ament_install']
[0.329s] Level 1:colcon.colcon_core.package_identification:_identify(build) by extension 'ignore'
[0.329s] Level 1:colcon.colcon_core.package_identification:_identify(build) ignored
[0.329s] Level 1:colcon.colcon_core.package_identification:_identify(install) by extensions ['ignore', 'ignore_ament_install']
[0.329s] Level 1:colcon.colcon_core.package_identification:_identify(install) by extension 'ignore'
[0.329s] Level 1:colcon.colcon_core.package_identification:_identify(install) ignored
[0.330s] Level 1:colcon.colcon_core.package_identification:_identify(log) by extensions ['ignore', 'ignore_ament_install']
[0.330s] Level 1:colcon.colcon_core.package_identification:_identify(log) by extension 'ignore'
[0.330s] Level 1:colcon.colcon_core.package_identification:_identify(log) ignored
[0.330s] Level 1:colcon.colcon_core.package_identification:_identify(src) by extensions ['ignore', 'ignore_ament_install']
[0.330s] Level 1:colcon.colcon_core.package_identification:_identify(src) by extension 'ignore'
[0.330s] Level 1:colcon.colcon_core.package_identification:_identify(src) by extension 'ignore_ament_install'
[0.330s] Level 1:colcon.colcon_core.package_identification:_identify(src) by extensions ['colcon_pkg']
[0.330s] Level 1:colcon.colcon_core.package_identification:_identify(src) by extension 'colcon_pkg'
[0.330s] Level 1:colcon.colcon_core.package_identification:_identify(src) by extensions ['colcon_meta']
[0.330s] Level 1:colcon.colcon_core.package_identification:_identify(src) by extension 'colcon_meta'
[0.330s] Level 1:colcon.colcon_core.package_identification:_identify(src) by extensions ['ros']
[0.330s] Level 1:colcon.colcon_core.package_identification:_identify(src) by extension 'ros'
[0.330s] Level 1:colcon.colcon_core.package_identification:_identify(src) by extensions ['cmake', 'python']
[0.330s] Level 1:colcon.colcon_core.package_identification:_identify(src) by extension 'cmake'
[0.330s] Level 1:colcon.colcon_core.package_identification:_identify(src) by extension 'python'
[0.330s] Level 1:colcon.colcon_core.package_identification:_identify(src) by extensions ['python_setup_py']
[0.330s] Level 1:colcon.colcon_core.package_identification:_identify(src) by extension 'python_setup_py'
[0.330s] Level 1:colcon.colcon_core.package_identification:_identify(src/cv_basics) by extensions ['ignore', 'ignore_ament_install']
[0.331s] Level 1:colcon.colcon_core.package_identification:_identify(src/cv_basics) by extension 'ignore'
[0.331s] Level 1:colcon.colcon_core.package_identification:_identify(src/cv_basics) by extension 'ignore_ament_install'
[0.331s] Level 1:colcon.colcon_core.package_identification:_identify(src/cv_basics) by extensions ['colcon_pkg']
[0.331s] Level 1:colcon.colcon_core.package_identification:_identify(src/cv_basics) by extension 'colcon_pkg'
[0.331s] Level 1:colcon.colcon_core.package_identification:_identify(src/cv_basics) by extensions ['colcon_meta']
[0.331s] Level 1:colcon.colcon_core.package_identification:_identify(src/cv_basics) by extension 'colcon_meta'
[0.331s] Level 1:colcon.colcon_core.package_identification:_identify(src/cv_basics) by extensions ['ros']
[0.331s] Level 1:colcon.colcon_core.package_identification:_identify(src/cv_basics) by extension 'ros'
[0.333s] DEBUG:colcon.colcon_core.package_identification:Package 'src/cv_basics' with type 'ros.ament_python' and name 'cv_basics'
[0.334s] Level 1:colcon.colcon_core.package_identification:_identify(src/web_video_server) by extensions ['ignore', 'ignore_ament_install']
[0.334s] Level 1:colcon.colcon_core.package_identification:_identify(src/web_video_server) by extension 'ignore'
[0.334s] Level 1:colcon.colcon_core.package_identification:_identify(src/web_video_server) by extension 'ignore_ament_install'
[0.334s] Level 1:colcon.colcon_core.package_identification:_identify(src/web_video_server) by extensions ['colcon_pkg']
[0.334s] Level 1:colcon.colcon_core.package_identification:_identify(src/web_video_server) by extension 'colcon_pkg'
[0.334s] Level 1:colcon.colcon_core.package_identification:_identify(src/web_video_server) by extensions ['colcon_meta']
[0.334s] Level 1:colcon.colcon_core.package_identification:_identify(src/web_video_server) by extension 'colcon_meta'
[0.334s] Level 1:colcon.colcon_core.package_identification:_identify(src/web_video_server) by extensions ['ros']
[0.334s] Level 1:colcon.colcon_core.package_identification:_identify(src/web_video_server) by extension 'ros'
[0.334s] DEBUG:colcon.colcon_core.package_identification:Package 'src/web_video_server' with type 'ros.ament_cmake' and name 'web_video_server'
[0.335s] Level 1:colcon.colcon_core.package_discovery:discover_packages(recursive) using defaults
[0.335s] Level 1:colcon.colcon_core.package_discovery:discover_packages(ignore) discover
[0.335s] Level 1:colcon.colcon_core.package_discovery:discover_packages(ignore) using defaults
[0.335s] Level 1:colcon.colcon_core.package_discovery:discover_packages(path) discover
[0.335s] Level 1:colcon.colcon_core.package_discovery:discover_packages(path) using defaults
[0.353s] Level 1:colcon.colcon_core.package_discovery:discover_packages(prefix_path) check parameters
[0.353s] Level 1:colcon.colcon_core.package_discovery:discover_packages(prefix_path) discover
[0.355s] DEBUG:colcon.colcon_installed_package_information.package_discovery:Found 2 installed packages in /home/meena/camera_ws/install
[0.357s] DEBUG:colcon.colcon_installed_package_information.package_discovery:Found 354 installed packages in /opt/ros/foxy
[0.359s] Level 1:colcon.colcon_core.package_discovery:discover_packages(prefix_path) using defaults
[0.433s] Level 5:colcon.colcon_core.verb:set package 'cv_basics' build argument 'cmake_args' from command line to 'None'
[0.433s] Level 5:colcon.colcon_core.verb:set package 'cv_basics' build argument 'cmake_target' from command line to 'None'
[0.433s] Level 5:colcon.colcon_core.verb:set package 'cv_basics' build argument 'cmake_target_skip_unavailable' from command line to 'False'
[0.433s] Level 5:colcon.colcon_core.verb:set package 'cv_basics' build argument 'cmake_clean_cache' from command line to 'False'
[0.433s] Level 5:colcon.colcon_core.verb:set package 'cv_basics' build argument 'cmake_clean_first' from command line to 'False'
[0.433s] Level 5:colcon.colcon_core.verb:set package 'cv_basics' build argument 'cmake_force_configure' from command line to 'False'
[0.433s] Level 5:colcon.colcon_core.verb:set package 'cv_basics' build argument 'ament_cmake_args' from command line to 'None'
[0.433s] Level 5:colcon.colcon_core.verb:set package 'cv_basics' build argument 'catkin_cmake_args' from command line to 'None'
[0.433s] Level 5:colcon.colcon_core.verb:set package 'cv_basics' build argument 'catkin_skip_building_tests' from command line to 'False'
[0.433s] DEBUG:colcon.colcon_core.verb:Building package 'cv_basics' with the following arguments: {'ament_cmake_args': None, 'build_base': '/home/meena/camera_ws/build/cv_basics', 'catkin_cmake_args': None, 'catkin_skip_building_tests': False, 'cmake_args': None, 'cmake_clean_cache': False, 'cmake_clean_first': False, 'cmake_force_configure': False, 'cmake_target': None, 'cmake_target_skip_unavailable': False, 'install_base': '/home/meena/camera_ws/install/cv_basics', 'merge_install': False, 'path': '/home/meena/camera_ws/src/cv_basics', 'symlink_install': False, 'test_result_base': None}
[0.434s] Level 5:colcon.colcon_core.verb:set package 'web_video_server' build argument 'cmake_args' from command line to 'None'
[0.434s] Level 5:colcon.colcon_core.verb:set package 'web_video_server' build argument 'cmake_target' from command line to 'None'
[0.434s] Level 5:colcon.colcon_core.verb:set package 'web_video_server' build argument 'cmake_target_skip_unavailable' from command line to 'False'
[0.434s] Level 5:colcon.colcon_core.verb:set package 'web_video_server' build argument 'cmake_clean_cache' from command line to 'False'
[0.434s] Level 5:colcon.colcon_core.verb:set package 'web_video_server' build argument 'cmake_clean_first' from command line to 'False'
[0.435s] Level 5:colcon.colcon_core.verb:set package 'web_video_server' build argument 'cmake_force_configure' from command line to 'False'
[0.435s] Level 5:colcon.colcon_core.verb:set package 'web_video_server' build argument 'ament_cmake_args' from command line to 'None'
[0.435s] Level 5:colcon.colcon_core.verb:set package 'web_video_server' build argument 'catkin_cmake_args' from command line to 'None'
[0.435s] Level 5:colcon.colcon_core.verb:set package 'web_video_server' build argument 'catkin_skip_building_tests' from command line to 'False'
[0.435s] DEBUG:colcon.colcon_core.verb:Building package 'web_video_server' with the following arguments: {'ament_cmake_args': None, 'build_base': '/home/meena/camera_ws/build/web_video_server', 'catkin_cmake_args': None, 'catkin_skip_building_tests': False, 'cmake_args': None, 'cmake_clean_cache': False, 'cmake_clean_first': False, 'cmake_force_configure': False, 'cmake_target': None, 'cmake_target_skip_unavailable': False, 'install_base': '/home/meena/camera_ws/install/web_video_server', 'merge_install': False, 'path': '/home/meena/camera_ws/src/web_video_server', 'symlink_install': False, 'test_result_base': None}
[0.435s] INFO:colcon.colcon_core.executor:Executing jobs using 'parallel' executor
[0.439s] DEBUG:colcon.colcon_parallel_executor.executor.parallel:run_until_complete
[0.439s] INFO:colcon.colcon_ros.task.ament_python.build:Building ROS package in '/home/meena/camera_ws/src/cv_basics' with build type 'ament_python'
[0.439s] Level 1:colcon.colcon_core.shell:create_environment_hook('cv_basics', 'ament_prefix_path')
[0.443s] INFO:colcon.colcon_core.plugin_system:Skipping extension 'colcon_core.shell.bat': Not used on non-Windows systems
[0.443s] INFO:colcon.colcon_core.shell:Creating environment hook '/home/meena/camera_ws/install/cv_basics/share/cv_basics/hook/ament_prefix_path.ps1'
[0.443s] INFO:colcon.colcon_core.shell:Creating environment descriptor '/home/meena/camera_ws/install/cv_basics/share/cv_basics/hook/ament_prefix_path.dsv'
[0.444s] INFO:colcon.colcon_core.shell:Creating environment hook '/home/meena/camera_ws/install/cv_basics/share/cv_basics/hook/ament_prefix_path.sh'
[0.445s] INFO:colcon.colcon_core.shell:Skip shell extension 'powershell' for command environment: Not usable outside of PowerShell
[0.446s] DEBUG:colcon.colcon_core.shell:Skip shell extension 'dsv' for command environment
[0.451s] INFO:colcon.colcon_ros.task.ament_cmake.build:Building ROS package in '/home/meena/camera_ws/src/web_video_server' with build type 'ament_cmake'
[0.451s] INFO:colcon.colcon_cmake.task.cmake.build:Building CMake package in '/home/meena/camera_ws/src/web_video_server'
[0.453s] INFO:colcon.colcon_core.shell:Skip shell extension 'powershell' for command environment: Not usable outside of PowerShell
[0.453s] DEBUG:colcon.colcon_core.shell:Skip shell extension 'dsv' for command environment
[0.660s] INFO:colcon.colcon_core.task.python.build:Building Python package in '/home/meena/camera_ws/src/cv_basics'
[0.662s] INFO:colcon.colcon_core.shell:Skip shell extension 'powershell' for command environment: Not usable outside of PowerShell
[0.662s] DEBUG:colcon.colcon_core.shell:Skip shell extension 'dsv' for command environment
[0.673s] DEBUG:colcon.colcon_core.event_handler.log_command:Invoking command in '/home/meena/camera_ws/build/web_video_server': CMAKE_PREFIX_PATH=${CMAKE_PREFIX_PATH}:/home/meena/camera_ws/install/cv_basics:/opt/ros/foxy /usr/bin/cmake --build /home/meena/camera_ws/build/web_video_server -- -j12 -l12
[0.758s] DEBUG:colcon.colcon_core.event_handler.log_command:Invoked command in '/home/meena/camera_ws/build/web_video_server' returned '0': CMAKE_PREFIX_PATH=${CMAKE_PREFIX_PATH}:/home/meena/camera_ws/install/cv_basics:/opt/ros/foxy /usr/bin/cmake --build /home/meena/camera_ws/build/web_video_server -- -j12 -l12
[0.798s] DEBUG:colcon.colcon_core.event_handler.log_command:Invoking command in '/home/meena/camera_ws/build/web_video_server': CMAKE_PREFIX_PATH=${CMAKE_PREFIX_PATH}:/home/meena/camera_ws/install/cv_basics:/opt/ros/foxy /usr/bin/cmake --install /home/meena/camera_ws/build/web_video_server
[0.809s] Level 1:colcon.colcon_core.environment:create_environment_scripts_only(web_video_server)
[0.816s] Level 1:colcon.colcon_core.environment:checking '/home/meena/camera_ws/install/web_video_server' for CMake module files
[0.817s] DEBUG:colcon.colcon_core.event_handler.log_command:Invoked command in '/home/meena/camera_ws/build/web_video_server' returned '0': CMAKE_PREFIX_PATH=${CMAKE_PREFIX_PATH}:/home/meena/camera_ws/install/cv_basics:/opt/ros/foxy /usr/bin/cmake --install /home/meena/camera_ws/build/web_video_server
[0.817s] Level 1:colcon.colcon_core.environment:checking '/home/meena/camera_ws/install/web_video_server' for CMake config files
[0.817s] Level 1:colcon.colcon_core.shell:create_environment_hook('web_video_server', 'cmake_prefix_path')
[0.819s] INFO:colcon.colcon_core.shell:Creating environment hook '/home/meena/camera_ws/install/web_video_server/share/web_video_server/hook/cmake_prefix_path.ps1'
[0.819s] INFO:colcon.colcon_core.shell:Creating environment descriptor '/home/meena/camera_ws/install/web_video_server/share/web_video_server/hook/cmake_prefix_path.dsv'
[0.819s] INFO:colcon.colcon_core.shell:Creating environment hook '/home/meena/camera_ws/install/web_video_server/share/web_video_server/hook/cmake_prefix_path.sh'
[0.820s] Level 1:colcon.colcon_core.environment:checking '/home/meena/camera_ws/install/web_video_server/lib'
[0.820s] Level 1:colcon.colcon_core.environment:checking '/home/meena/camera_ws/install/web_video_server/bin'
[0.820s] Level 1:colcon.colcon_core.environment:checking '/home/meena/camera_ws/install/web_video_server/lib/pkgconfig/web_video_server.pc'
[0.821s] Level 1:colcon.colcon_core.environment:checking '/home/meena/camera_ws/install/web_video_server/lib/python3.8/site-packages'
[0.821s] Level 1:colcon.colcon_core.environment:checking '/home/meena/camera_ws/install/web_video_server/bin'
[0.822s] INFO:colcon.colcon_core.shell:Creating package script '/home/meena/camera_ws/install/web_video_server/share/web_video_server/package.ps1'
[0.823s] INFO:colcon.colcon_core.shell:Creating package descriptor '/home/meena/camera_ws/install/web_video_server/share/web_video_server/package.dsv'
[0.823s] INFO:colcon.colcon_core.shell:Creating package script '/home/meena/camera_ws/install/web_video_server/share/web_video_server/package.sh'
[0.824s] INFO:colcon.colcon_core.shell:Creating package script '/home/meena/camera_ws/install/web_video_server/share/web_video_server/package.bash'
[0.824s] INFO:colcon.colcon_core.shell:Creating package script '/home/meena/camera_ws/install/web_video_server/share/web_video_server/package.zsh'
[0.825s] Level 1:colcon.colcon_core.environment:create_file_with_runtime_dependencies(/home/meena/camera_ws/install/web_video_server/share/colcon-core/packages/web_video_server)
[0.854s] Level 1:colcon.colcon_core.environment:create_environment_scripts_only(web_video_server)
[0.857s] Level 1:colcon.colcon_core.environment:checking '/home/meena/camera_ws/install/web_video_server' for CMake module files
[0.857s] Level 1:colcon.colcon_core.environment:checking '/home/meena/camera_ws/install/web_video_server' for CMake config files
[0.858s] Level 1:colcon.colcon_core.shell:create_environment_hook('web_video_server', 'cmake_prefix_path')
[0.859s] INFO:colcon.colcon_core.shell:Creating environment hook '/home/meena/camera_ws/install/web_video_server/share/web_video_server/hook/cmake_prefix_path.ps1'
[0.859s] INFO:colcon.colcon_core.shell:Creating environment descriptor '/home/meena/camera_ws/install/web_video_server/share/web_video_server/hook/cmake_prefix_path.dsv'
[0.859s] INFO:colcon.colcon_core.shell:Creating environment hook '/home/meena/camera_ws/install/web_video_server/share/web_video_server/hook/cmake_prefix_path.sh'
[0.860s] Level 1:colcon.colcon_core.environment:checking '/home/meena/camera_ws/install/web_video_server/lib'
[0.860s] Level 1:colcon.colcon_core.environment:checking '/home/meena/camera_ws/install/web_video_server/bin'
[0.860s] Level 1:colcon.colcon_core.environment:checking '/home/meena/camera_ws/install/web_video_server/lib/pkgconfig/web_video_server.pc'
[0.860s] Level 1:colcon.colcon_core.environment:checking '/home/meena/camera_ws/install/web_video_server/lib/python3.8/site-packages'
[0.860s] Level 1:colcon.colcon_core.environment:checking '/home/meena/camera_ws/install/web_video_server/bin'
[0.862s] INFO:colcon.colcon_core.shell:Creating package script '/home/meena/camera_ws/install/web_video_server/share/web_video_server/package.ps1'
[0.862s] INFO:colcon.colcon_core.shell:Creating package descriptor '/home/meena/camera_ws/install/web_video_server/share/web_video_server/package.dsv'
[0.863s] INFO:colcon.colcon_core.shell:Creating package script '/home/meena/camera_ws/install/web_video_server/share/web_video_server/package.sh'
[0.863s] INFO:colcon.colcon_core.shell:Creating package script '/home/meena/camera_ws/install/web_video_server/share/web_video_server/package.bash'
[0.863s] INFO:colcon.colcon_core.shell:Creating package script '/home/meena/camera_ws/install/web_video_server/share/web_video_server/package.zsh'
[0.864s] Level 1:colcon.colcon_core.environment:create_file_with_runtime_dependencies(/home/meena/camera_ws/install/web_video_server/share/colcon-core/packages/web_video_server)
[1.131s] DEBUG:colcon.colcon_core.event_handler.log_command:Invoking command in '/home/meena/camera_ws/src/cv_basics': PYTHONPATH=/home/meena/camera_ws/build/cv_basics/prefix_override:/home/meena/camera_ws/install/cv_basics/lib/python3.8/site-packages:${PYTHONPATH} /usr/bin/python3 setup.py egg_info --egg-base ../../build/cv_basics build --build-base /home/meena/camera_ws/build/cv_basics/build install --record /home/meena/camera_ws/build/cv_basics/install.log --install-scripts $base/lib/cv_basics --single-version-externally-managed
[1.392s] Level 1:colcon.colcon_core.environment:checking '/home/meena/camera_ws/install/cv_basics' for CMake module files
[1.392s] DEBUG:colcon.colcon_core.event_handler.log_command:Invoked command in '/home/meena/camera_ws/src/cv_basics' returned '0': PYTHONPATH=/home/meena/camera_ws/build/cv_basics/prefix_override:/home/meena/camera_ws/install/cv_basics/lib/python3.8/site-packages:${PYTHONPATH} /usr/bin/python3 setup.py egg_info --egg-base ../../build/cv_basics build --build-base /home/meena/camera_ws/build/cv_basics/build install --record /home/meena/camera_ws/build/cv_basics/install.log --install-scripts $base/lib/cv_basics --single-version-externally-managed
[1.393s] Level 1:colcon.colcon_core.environment:checking '/home/meena/camera_ws/install/cv_basics' for CMake config files
[1.393s] Level 1:colcon.colcon_core.environment:checking '/home/meena/camera_ws/install/cv_basics/lib'
[1.393s] Level 1:colcon.colcon_core.environment:checking '/home/meena/camera_ws/install/cv_basics/bin'
[1.393s] Level 1:colcon.colcon_core.environment:checking '/home/meena/camera_ws/install/cv_basics/lib/pkgconfig/cv_basics.pc'
[1.394s] Level 1:colcon.colcon_core.environment:checking '/home/meena/camera_ws/install/cv_basics/lib/python3.8/site-packages'
[1.394s] Level 1:colcon.colcon_core.shell:create_environment_hook('cv_basics', 'pythonpath')
[1.395s] INFO:colcon.colcon_core.shell:Creating environment hook '/home/meena/camera_ws/install/cv_basics/share/cv_basics/hook/pythonpath.ps1'
[1.395s] INFO:colcon.colcon_core.shell:Creating environment descriptor '/home/meena/camera_ws/install/cv_basics/share/cv_basics/hook/pythonpath.dsv'
[1.396s] INFO:colcon.colcon_core.shell:Creating environment hook '/home/meena/camera_ws/install/cv_basics/share/cv_basics/hook/pythonpath.sh'
[1.396s] Level 1:colcon.colcon_core.environment:checking '/home/meena/camera_ws/install/cv_basics/bin'
[1.396s] Level 1:colcon.colcon_core.environment:create_environment_scripts_only(cv_basics)
[1.398s] INFO:colcon.colcon_core.shell:Creating package script '/home/meena/camera_ws/install/cv_basics/share/cv_basics/package.ps1'
[1.398s] INFO:colcon.colcon_core.shell:Creating package descriptor '/home/meena/camera_ws/install/cv_basics/share/cv_basics/package.dsv'
[1.399s] INFO:colcon.colcon_core.shell:Creating package script '/home/meena/camera_ws/install/cv_basics/share/cv_basics/package.sh'
[1.399s] INFO:colcon.colcon_core.shell:Creating package script '/home/meena/camera_ws/install/cv_basics/share/cv_basics/package.bash'
[1.399s] INFO:colcon.colcon_core.shell:Creating package script '/home/meena/camera_ws/install/cv_basics/share/cv_basics/package.zsh'
[1.400s] Level 1:colcon.colcon_core.environment:create_file_with_runtime_dependencies(/home/meena/camera_ws/install/cv_basics/share/colcon-core/packages/cv_basics)
[1.400s] DEBUG:colcon.colcon_parallel_executor.executor.parallel:closing loop
[1.400s] DEBUG:colcon.colcon_parallel_executor.executor.parallel:loop closed
[1.400s] DEBUG:colcon.colcon_parallel_executor.executor.parallel:run_until_complete finished with '0'
[1.400s] DEBUG:colcon.colcon_core.event_reactor:joining thread
[1.406s] INFO:colcon.colcon_core.plugin_system:Skipping extension 'colcon_notification.desktop_notification.terminal_notifier': Not used on non-Darwin systems
[1.406s] INFO:colcon.colcon_core.plugin_system:Skipping extension 'colcon_notification.desktop_notification.win32': Not used on non-Windows systems
[1.406s] INFO:colcon.colcon_notification.desktop_notification:Sending desktop notification using 'notify2'
[1.420s] DEBUG:colcon.colcon_core.event_reactor:joined thread
[1.421s] INFO:colcon.colcon_core.shell:Creating prefix script '/home/meena/camera_ws/install/local_setup.ps1'
[1.422s] INFO:colcon.colcon_core.shell:Creating prefix util module '/home/meena/camera_ws/install/_local_setup_util_ps1.py'
[1.423s] INFO:colcon.colcon_core.shell:Creating prefix chain script '/home/meena/camera_ws/install/setup.ps1'
[1.425s] INFO:colcon.colcon_core.shell:Creating prefix script '/home/meena/camera_ws/install/local_setup.sh'
[1.425s] INFO:colcon.colcon_core.shell:Creating prefix util module '/home/meena/camera_ws/install/_local_setup_util_sh.py'
[1.426s] INFO:colcon.colcon_core.shell:Creating prefix chain script '/home/meena/camera_ws/install/setup.sh'
[1.427s] INFO:colcon.colcon_core.shell:Creating prefix script '/home/meena/camera_ws/install/local_setup.bash'
[1.428s] INFO:colcon.colcon_core.shell:Creating prefix chain script '/home/meena/camera_ws/install/setup.bash'
[1.429s] INFO:colcon.colcon_core.shell:Creating prefix script '/home/meena/camera_ws/install/local_setup.zsh'
[1.429s] INFO:colcon.colcon_core.shell:Creating prefix chain script '/home/meena/camera_ws/install/setup.zsh'
