[0.216s] Invoking command in '/home/meena/camera_ws/build/web_video_server': CMAKE_PREFIX_PATH=${CMAKE_PREFIX_PATH}:/opt/ros/foxy /usr/bin/cmake /home/meena/camera_ws/src/web_video_server -DCMAKE_INSTALL_PREFIX=/home/meena/camera_ws/install/web_video_server
[0.304s] -- The C compiler identification is GNU 9.4.0
[0.381s] -- The CXX compiler identification is GNU 9.4.0
[0.388s] -- Check for working C compiler: /usr/bin/cc
[0.446s] -- Check for working C compiler: /usr/bin/cc -- works
[0.447s] -- Detecting C compiler ABI info
[0.509s] -- Detecting C compiler ABI info - done
[0.522s] -- Detecting C compile features
[0.523s] -- Detecting C compile features - done
[0.526s] -- Check for working CXX compiler: /usr/bin/c++
[0.603s] -- Check for working CXX compiler: /usr/bin/c++ -- works
[0.604s] -- Detecting CXX compiler ABI info
[0.681s] -- Detecting CXX compiler ABI info - done
[0.693s] -- Detecting CXX compile features
[0.694s] -- Detecting CXX compile features - done
[0.697s] -- Found ament_cmake_ros: 0.9.2 (/opt/ros/foxy/share/ament_cmake_ros/cmake)
[0.728s] -- Found PythonInterp: /usr/bin/python3 (found suitable version "3.8.10", minimum required is "3") 
[0.728s] -- Using PYTHON_EXECUTABLE: /usr/bin/python3
[0.935s] -- Found async_web_server_cpp: 2.0.0 (/opt/ros/foxy/share/async_web_server_cpp/cmake)
[1.224s] -- Found Boost: /usr/lib/x86_64-linux-gnu/cmake/Boost-1.71.0/BoostConfig.cmake (found suitable version "1.71.0", minimum required is "1.71.0") found components: filesystem regex thread 
[1.230s] -- Found cv_bridge: 3.0.7 (/opt/ros/foxy/share/cv_bridge/cmake)
[1.279s] -- Using all available rosidl_typesupport_c: rosidl_typesupport_fastrtps_c;rosidl_typesupport_introspection_c
[1.287s] -- Found rosidl_adapter: 1.3.0 (/opt/ros/foxy/share/rosidl_adapter/cmake)
[1.361s] -- Found OpenSSL: /usr/lib/x86_64-linux-gnu/libcrypto.so (found version "1.1.1f")  
[1.390s] -- Found FastRTPS: /opt/ros/foxy/include  
[1.470s] -- Using all available rosidl_typesupport_cpp: rosidl_typesupport_fastrtps_cpp;rosidl_typesupport_introspection_cpp
[1.667s] -- Found image_transport: 2.4.0 (/opt/ros/foxy/share/image_transport/cmake)
[1.726s] -- Found rmw_implementation_cmake: 1.0.3 (/opt/ros/foxy/share/rmw_implementation_cmake/cmake)
[1.728s] -- Using RMW implementation 'rmw_fastrtps_cpp' as default
[1.729s] -- Found Threads: TRUE  
[1.926s] -- Found OpenCV: /usr (found version "4.2.0") 
[1.929s] -- Found Boost: /usr/lib/x86_64-linux-gnu/cmake/Boost-1.71.0/BoostConfig.cmake (found version "1.71.0") found components: thread 
[1.933s] -- Found PkgConfig: /usr/bin/pkg-config (found version "0.29.1") 
[1.933s] -- Checking for module 'libavcodec'
[1.945s] --   Found libavcodec, version 58.54.100
[1.973s] -- Checking for module 'libavformat'
[1.984s] --   Found libavformat, version 58.29.100
[2.013s] -- Checking for module 'libavutil'
[2.024s] --   Found libavutil, version 56.31.100
[2.052s] -- Checking for module 'libswscale'
[2.064s] --   Found libswscale, version 5.5.100
[2.170s] -- Configuring done
[2.202s] -- Generating done
[2.204s] -- Build files have been written to: /home/meena/camera_ws/build/web_video_server
[2.210s] Invoked command in '/home/meena/camera_ws/build/web_video_server' returned '0': CMAKE_PREFIX_PATH=${CMAKE_PREFIX_PATH}:/opt/ros/foxy /usr/bin/cmake /home/meena/camera_ws/src/web_video_server -DCMAKE_INSTALL_PREFIX=/home/meena/camera_ws/install/web_video_server
[2.213s] Invoking command in '/home/meena/camera_ws/build/web_video_server': CMAKE_PREFIX_PATH=${CMAKE_PREFIX_PATH}:/opt/ros/foxy /usr/bin/cmake --build /home/meena/camera_ws/build/web_video_server -- -j12 -l12
[2.247s] [35m[1mScanning dependencies of target web_video_server[0m
[2.382s] [ 27%] [32mBuilding CXX object CMakeFiles/web_video_server.dir/src/image_streamer.cpp.o[0m
[2.382s] [ 27%] [32mBuilding CXX object CMakeFiles/web_video_server.dir/src/web_video_server.cpp.o[0m
[2.382s] [ 27%] [32mBuilding CXX object CMakeFiles/web_video_server.dir/src/libav_streamer.cpp.o[0m
[2.382s] [ 36%] [32mBuilding CXX object CMakeFiles/web_video_server.dir/src/vp8_streamer.cpp.o[0m
[2.383s] [ 45%] [32mBuilding CXX object CMakeFiles/web_video_server.dir/src/h264_streamer.cpp.o[0m
[2.383s] [ 54%] [32mBuilding CXX object CMakeFiles/web_video_server.dir/src/ros_compressed_streamer.cpp.o[0m
[2.383s] [ 63%] [32mBuilding CXX object CMakeFiles/web_video_server.dir/src/vp9_streamer.cpp.o[0m
[2.383s] [ 72%] [32mBuilding CXX object CMakeFiles/web_video_server.dir/src/multipart_stream.cpp.o[0m
[2.385s] [ 81%] [32mBuilding CXX object CMakeFiles/web_video_server.dir/src/png_streamers.cpp.o[0m
[2.386s] [ 90%] [32mBuilding CXX object CMakeFiles/web_video_server.dir/src/jpeg_streamers.cpp.o[0m
[9.901s] [01m[K/home/meena/camera_ws/src/web_video_server/src/libav_streamer.cpp:[m[K In constructor ‘[01m[Kweb_video_server::LibavStreamer::LibavStreamer(const async_web_server_cpp::HttpRequest&, async_web_server_cpp::HttpConnectionPtr, rclcpp::Node::SharedPtr, const string&, const string&, const string&)[m[K’:
[9.901s] [01m[K/home/meena/camera_ws/src/web_video_server/src/libav_streamer.cpp:65:55:[m[K [01;35m[Kwarning: [m[K‘[01m[Kint av_lockmgr_register(int (*)(void**, AVLockOp))[m[K’ is deprecated [[01;35m[K-Wdeprecated-declarations[m[K]
[9.902s]    65 |   av_lockmgr_register(&ffmpeg_boost_mutex_lock_manager[01;35m[K)[m[K;
[9.902s]       |                                                       [01;35m[K^[m[K
[9.902s] In file included from [01m[K/home/meena/camera_ws/src/web_video_server/include/web_video_server/libav_streamer.h:11[m[K,
[9.902s]                  from [01m[K/home/meena/camera_ws/src/web_video_server/src/libav_streamer.cpp:1[m[K:
[9.902s] [01m[K/usr/include/x86_64-linux-gnu/libavcodec/avcodec.h:6163:5:[m[K [01;36m[Knote: [m[Kdeclared here
[9.902s]  6163 | int [01;36m[Kav_lockmgr_register[m[K(int (*cb)(void **mutex, enum AVLockOp op));
[9.902s]       |     [01;36m[K^~~~~~~~~~~~~~~~~~~[m[K
[9.903s] [01m[K/home/meena/camera_ws/src/web_video_server/src/libav_streamer.cpp:65:55:[m[K [01;35m[Kwarning: [m[K‘[01m[Kint av_lockmgr_register(int (*)(void**, AVLockOp))[m[K’ is deprecated [[01;35m[K-Wdeprecated-declarations[m[K]
[9.903s]    65 |   av_lockmgr_register(&ffmpeg_boost_mutex_lock_manager[01;35m[K)[m[K;
[9.903s]       |                                                       [01;35m[K^[m[K
[9.903s] In file included from [01m[K/home/meena/camera_ws/src/web_video_server/include/web_video_server/libav_streamer.h:11[m[K,
[9.903s]                  from [01m[K/home/meena/camera_ws/src/web_video_server/src/libav_streamer.cpp:1[m[K:
[9.903s] [01m[K/usr/include/x86_64-linux-gnu/libavcodec/avcodec.h:6163:5:[m[K [01;36m[Knote: [m[Kdeclared here
[9.903s]  6163 | int [01;36m[Kav_lockmgr_register[m[K(int (*cb)(void **mutex, enum AVLockOp op));
[9.904s]       |     [01;36m[K^~~~~~~~~~~~~~~~~~~[m[K
[9.904s] [01m[K/home/meena/camera_ws/src/web_video_server/src/libav_streamer.cpp:66:19:[m[K [01;35m[Kwarning: [m[K‘[01m[Kvoid av_register_all()[m[K’ is deprecated [[01;35m[K-Wdeprecated-declarations[m[K]
[9.904s]    66 |   av_register_all([01;35m[K)[m[K;
[9.904s]       |                   [01;35m[K^[m[K
[9.904s] In file included from [01m[K/home/meena/camera_ws/src/web_video_server/include/web_video_server/libav_streamer.h:12[m[K,
[9.904s]                  from [01m[K/home/meena/camera_ws/src/web_video_server/src/libav_streamer.cpp:1[m[K:
[9.904s] [01m[K/usr/include/x86_64-linux-gnu/libavformat/avformat.h:2050:6:[m[K [01;36m[Knote: [m[Kdeclared here
[9.904s]  2050 | void [01;36m[Kav_register_all[m[K(void);
[9.905s]       |      [01;36m[K^~~~~~~~~~~~~~~[m[K
[9.905s] [01m[K/home/meena/camera_ws/src/web_video_server/src/libav_streamer.cpp:66:19:[m[K [01;35m[Kwarning: [m[K‘[01m[Kvoid av_register_all()[m[K’ is deprecated [[01;35m[K-Wdeprecated-declarations[m[K]
[9.905s]    66 |   av_register_all([01;35m[K)[m[K;
[9.905s]       |                   [01;35m[K^[m[K
[9.905s] In file included from [01m[K/home/meena/camera_ws/src/web_video_server/include/web_video_server/libav_streamer.h:12[m[K,
[9.906s]                  from [01m[K/home/meena/camera_ws/src/web_video_server/src/libav_streamer.cpp:1[m[K:
[9.906s] [01m[K/usr/include/x86_64-linux-gnu/libavformat/avformat.h:2050:6:[m[K [01;36m[Knote: [m[Kdeclared here
[9.906s]  2050 | void [01;36m[Kav_register_all[m[K(void);
[9.906s]       |      [01;36m[K^~~~~~~~~~~~~~~[m[K
[9.906s] [01m[K/home/meena/camera_ws/src/web_video_server/src/libav_streamer.cpp:[m[K In member function ‘[01m[Kvirtual void web_video_server::LibavStreamer::initialize(const cv::Mat&)[m[K’:
[9.906s] [01m[K/home/meena/camera_ws/src/web_video_server/src/libav_streamer.cpp:160:35:[m[K [01;35m[Kwarning: [m[K‘[01m[KAVStream::codec[m[K’ is deprecated [[01;35m[K-Wdeprecated-declarations[m[K]
[9.906s]   160 |   codec_context_ = video_stream_->[01;35m[Kcodec[m[K;
[9.906s]       |                                   [01;35m[K^~~~~[m[K
[9.907s] In file included from [01m[K/home/meena/camera_ws/src/web_video_server/include/web_video_server/libav_streamer.h:12[m[K,
[9.907s]                  from [01m[K/home/meena/camera_ws/src/web_video_server/src/libav_streamer.cpp:1[m[K:
[9.907s] [01m[K/usr/include/x86_64-linux-gnu/libavformat/avformat.h:885:21:[m[K [01;36m[Knote: [m[Kdeclared here
[9.907s]   885 |     AVCodecContext *[01;36m[Kcodec[m[K;
[9.907s]       |                     [01;36m[K^~~~~[m[K
[9.907s] [01m[K/home/meena/camera_ws/src/web_video_server/src/libav_streamer.cpp:160:35:[m[K [01;35m[Kwarning: [m[K‘[01m[KAVStream::codec[m[K’ is deprecated [[01;35m[K-Wdeprecated-declarations[m[K]
[9.907s]   160 |   codec_context_ = video_stream_->[01;35m[Kcodec[m[K;
[9.908s]       |                                   [01;35m[K^~~~~[m[K
[9.908s] In file included from [01m[K/home/meena/camera_ws/src/web_video_server/include/web_video_server/libav_streamer.h:12[m[K,
[9.908s]                  from [01m[K/home/meena/camera_ws/src/web_video_server/src/libav_streamer.cpp:1[m[K:
[9.908s] [01m[K/usr/include/x86_64-linux-gnu/libavformat/avformat.h:885:21:[m[K [01;36m[Knote: [m[Kdeclared here
[9.908s]   885 |     AVCodecContext *[01;36m[Kcodec[m[K;
[9.908s]       |                     [01;36m[K^~~~~[m[K
[9.908s] [01m[K/home/meena/camera_ws/src/web_video_server/src/libav_streamer.cpp:160:35:[m[K [01;35m[Kwarning: [m[K‘[01m[KAVStream::codec[m[K’ is deprecated [[01;35m[K-Wdeprecated-declarations[m[K]
[9.908s]   160 |   codec_context_ = video_stream_->[01;35m[Kcodec[m[K;
[9.909s]       |                                   [01;35m[K^~~~~[m[K
[9.909s] In file included from [01m[K/home/meena/camera_ws/src/web_video_server/include/web_video_server/libav_streamer.h:12[m[K,
[9.909s]                  from [01m[K/home/meena/camera_ws/src/web_video_server/src/libav_streamer.cpp:1[m[K:
[9.909s] [01m[K/usr/include/x86_64-linux-gnu/libavformat/avformat.h:885:21:[m[K [01;36m[Knote: [m[Kdeclared here
[9.909s]   885 |     AVCodecContext *[01;36m[Kcodec[m[K;
[9.909s]       |                     [01;36m[K^~~~~[m[K
[13.546s] [100%] [32m[1mLinking CXX executable web_video_server[0m
[14.370s] [100%] Built target web_video_server
[14.380s] Invoked command in '/home/meena/camera_ws/build/web_video_server' returned '0': CMAKE_PREFIX_PATH=${CMAKE_PREFIX_PATH}:/opt/ros/foxy /usr/bin/cmake --build /home/meena/camera_ws/build/web_video_server -- -j12 -l12
[14.421s] Invoking command in '/home/meena/camera_ws/build/web_video_server': CMAKE_PREFIX_PATH=${CMAKE_PREFIX_PATH}:/opt/ros/foxy /usr/bin/cmake --install /home/meena/camera_ws/build/web_video_server
[14.427s] -- Install configuration: ""
[14.428s] -- Installing: /home/meena/camera_ws/install/web_video_server/lib/web_video_server/web_video_server
[14.430s] -- Set runtime path of "/home/meena/camera_ws/install/web_video_server/lib/web_video_server/web_video_server" to ""
[14.430s] -- Installing: /home/meena/camera_ws/install/web_video_server/include/web_video_server
[14.430s] -- Installing: /home/meena/camera_ws/install/web_video_server/include/web_video_server/h264_streamer.h
[14.430s] -- Installing: /home/meena/camera_ws/install/web_video_server/include/web_video_server/libav_streamer.h
[14.430s] -- Installing: /home/meena/camera_ws/install/web_video_server/include/web_video_server/vp8_streamer.h
[14.430s] -- Installing: /home/meena/camera_ws/install/web_video_server/include/web_video_server/web_video_server.h
[14.430s] -- Installing: /home/meena/camera_ws/install/web_video_server/include/web_video_server/multipart_stream.h
[14.430s] -- Installing: /home/meena/camera_ws/install/web_video_server/include/web_video_server/ros_compressed_streamer.h
[14.430s] -- Installing: /home/meena/camera_ws/install/web_video_server/include/web_video_server/image_streamer.h
[14.430s] -- Installing: /home/meena/camera_ws/install/web_video_server/include/web_video_server/png_streamers.h
[14.430s] -- Installing: /home/meena/camera_ws/install/web_video_server/include/web_video_server/vp9_streamer.h
[14.430s] -- Installing: /home/meena/camera_ws/install/web_video_server/include/web_video_server/jpeg_streamers.h
[14.431s] -- Installing: /home/meena/camera_ws/install/web_video_server/share/ament_index/resource_index/package_run_dependencies/web_video_server
[14.431s] -- Installing: /home/meena/camera_ws/install/web_video_server/share/ament_index/resource_index/parent_prefix_path/web_video_server
[14.431s] -- Installing: /home/meena/camera_ws/install/web_video_server/share/web_video_server/environment/ament_prefix_path.sh
[14.431s] -- Installing: /home/meena/camera_ws/install/web_video_server/share/web_video_server/environment/ament_prefix_path.dsv
[14.431s] -- Installing: /home/meena/camera_ws/install/web_video_server/share/web_video_server/environment/path.sh
[14.431s] -- Installing: /home/meena/camera_ws/install/web_video_server/share/web_video_server/environment/path.dsv
[14.431s] -- Installing: /home/meena/camera_ws/install/web_video_server/share/web_video_server/local_setup.bash
[14.431s] -- Installing: /home/meena/camera_ws/install/web_video_server/share/web_video_server/local_setup.sh
[14.431s] -- Installing: /home/meena/camera_ws/install/web_video_server/share/web_video_server/local_setup.zsh
[14.431s] -- Installing: /home/meena/camera_ws/install/web_video_server/share/web_video_server/local_setup.dsv
[14.432s] -- Installing: /home/meena/camera_ws/install/web_video_server/share/web_video_server/package.dsv
[14.432s] -- Installing: /home/meena/camera_ws/install/web_video_server/share/ament_index/resource_index/packages/web_video_server
[14.432s] -- Installing: /home/meena/camera_ws/install/web_video_server/share/web_video_server/cmake/web_video_serverConfig.cmake
[14.432s] -- Installing: /home/meena/camera_ws/install/web_video_server/share/web_video_server/cmake/web_video_serverConfig-version.cmake
[14.432s] -- Installing: /home/meena/camera_ws/install/web_video_server/share/web_video_server/package.xml
[14.436s] Invoked command in '/home/meena/camera_ws/build/web_video_server' returned '0': CMAKE_PREFIX_PATH=${CMAKE_PREFIX_PATH}:/opt/ros/foxy /usr/bin/cmake --install /home/meena/camera_ws/build/web_video_server
