[0.685s] Invoking command in '/home/meena/camera_ws/src/cv_basics': PYTHONPATH=/home/meena/camera_ws/build/cv_basics/prefix_override:/home/meena/camera_ws/install/cv_basics/lib/python3.8/site-packages:${PYTHONPATH} /usr/bin/python3 setup.py egg_info --egg-base ../../build/cv_basics build --build-base /home/meena/camera_ws/build/cv_basics/build install --record /home/meena/camera_ws/build/cv_basics/install.log --install-scripts $base/lib/cv_basics --single-version-externally-managed
[0.884s] running egg_info
[0.885s] creating ../../build/cv_basics/cv_basics.egg-info
[0.885s] writing ../../build/cv_basics/cv_basics.egg-info/PKG-INFO
[0.885s] writing dependency_links to ../../build/cv_basics/cv_basics.egg-info/dependency_links.txt
[0.885s] writing entry points to ../../build/cv_basics/cv_basics.egg-info/entry_points.txt
[0.885s] writing requirements to ../../build/cv_basics/cv_basics.egg-info/requires.txt
[0.886s] writing top-level names to ../../build/cv_basics/cv_basics.egg-info/top_level.txt
[0.886s] writing manifest file '../../build/cv_basics/cv_basics.egg-info/SOURCES.txt'
[0.916s] reading manifest file '../../build/cv_basics/cv_basics.egg-info/SOURCES.txt'
[0.917s] writing manifest file '../../build/cv_basics/cv_basics.egg-info/SOURCES.txt'
[0.917s] running build
[0.917s] running build_py
[0.917s] creating /home/meena/camera_ws/build/cv_basics/build
[0.917s] creating /home/meena/camera_ws/build/cv_basics/build/lib
[0.917s] creating /home/meena/camera_ws/build/cv_basics/build/lib/cv_basics
[0.917s] copying cv_basics/__init__.py -> /home/meena/camera_ws/build/cv_basics/build/lib/cv_basics
[0.918s] copying cv_basics/webcam_sub.py -> /home/meena/camera_ws/build/cv_basics/build/lib/cv_basics
[0.918s] running install
[0.918s] running install_lib
[0.919s] creating /home/meena/camera_ws/install/cv_basics/lib/python3.8/site-packages/cv_basics
[0.919s] copying /home/meena/camera_ws/build/cv_basics/build/lib/cv_basics/__init__.py -> /home/meena/camera_ws/install/cv_basics/lib/python3.8/site-packages/cv_basics
[0.919s] copying /home/meena/camera_ws/build/cv_basics/build/lib/cv_basics/webcam_sub.py -> /home/meena/camera_ws/install/cv_basics/lib/python3.8/site-packages/cv_basics
[0.919s] byte-compiling /home/meena/camera_ws/install/cv_basics/lib/python3.8/site-packages/cv_basics/__init__.py to __init__.cpython-38.pyc
[0.920s] byte-compiling /home/meena/camera_ws/install/cv_basics/lib/python3.8/site-packages/cv_basics/webcam_sub.py to webcam_sub.cpython-38.pyc
[0.921s] running install_data
[0.921s] creating /home/meena/camera_ws/install/cv_basics/share/ament_index
[0.921s] creating /home/meena/camera_ws/install/cv_basics/share/ament_index/resource_index
[0.921s] creating /home/meena/camera_ws/install/cv_basics/share/ament_index/resource_index/packages
[0.921s] copying resource/cv_basics -> /home/meena/camera_ws/install/cv_basics/share/ament_index/resource_index/packages
[0.921s] copying package.xml -> /home/meena/camera_ws/install/cv_basics/share/cv_basics
[0.921s] running install_egg_info
[0.922s] Copying ../../build/cv_basics/cv_basics.egg-info to /home/meena/camera_ws/install/cv_basics/lib/python3.8/site-packages/cv_basics-0.0.0-py3.8.egg-info
[0.923s] running install_scripts
[0.938s] Installing img_subscriber script to /home/meena/camera_ws/install/cv_basics/lib/cv_basics
[0.938s] writing list of installed files to '/home/meena/camera_ws/build/cv_basics/install.log'
[0.955s] Invoked command in '/home/meena/camera_ws/src/cv_basics' returned '0': PYTHONPATH=/home/meena/camera_ws/build/cv_basics/prefix_override:/home/meena/camera_ws/install/cv_basics/lib/python3.8/site-packages:${PYTHONPATH} /usr/bin/python3 setup.py egg_info --egg-base ../../build/cv_basics build --build-base /home/meena/camera_ws/build/cv_basics/build install --record /home/meena/camera_ws/build/cv_basics/install.log --install-scripts $base/lib/cv_basics --single-version-externally-managed
