[0.283s] DEBUG:colcon:Command line arguments: ['/usr/bin/colcon', 'build']
[0.283s] DEBUG:colcon:Parsed command line arguments: Namespace(allow_overriding=[], ament_cmake_args=None, base_paths=['.'], build_base='build', catkin_cmake_args=None, catkin_skip_building_tests=False, cmake_args=None, cmake_clean_cache=False, cmake_clean_first=False, cmake_force_configure=False, cmake_target=None, cmake_target_skip_unavailable=False, continue_on_error=False, event_handlers=None, executor='parallel', ignore_user_meta=False, install_base='install', log_base=None, log_level=None, main=<bound method BuildVerb.main of <colcon_core.verb.build.BuildVerb object at 0x7f8cb4b5e610>>, merge_install=False, metas=['./colcon.meta'], packages_above=None, packages_above_and_dependencies=None, packages_above_depth=None, packages_end=None, packages_ignore=None, packages_ignore_regex=None, packages_select=None, packages_select_build_failed=False, packages_select_by_dep=None, packages_select_regex=None, packages_select_test_failures=False, packages_skip=None, packages_skip_build_finished=False, packages_skip_by_dep=None, packages_skip_regex=None, packages_skip_test_passed=False, packages_skip_up_to=None, packages_start=None, packages_up_to=None, packages_up_to_regex=None, parallel_workers=12, paths=None, symlink_install=False, test_result_base=None, verb_extension=<colcon_core.verb.build.BuildVerb object at 0x7f8cb4b5e610>, verb_name='build', verb_parser=<colcon_defaults.argument_parser.defaults.DefaultArgumentsDecorator object at 0x7f8cb4b5eb50>)
[0.307s] Level 1:colcon.colcon_core.package_discovery:discover_packages(colcon_meta) check parameters
[0.307s] Level 1:colcon.colcon_core.package_discovery:discover_packages(recursive) check parameters
[0.307s] Level 1:colcon.colcon_core.package_discovery:discover_packages(ignore) check parameters
[0.307s] Level 1:colcon.colcon_core.package_discovery:discover_packages(path) check parameters
[0.307s] Level 1:colcon.colcon_core.package_discovery:discover_packages(colcon_meta) discover
[0.307s] Level 1:colcon.colcon_core.package_discovery:discover_packages(recursive) discover
[0.307s] INFO:colcon.colcon_core.package_discovery:Crawling recursively for packages in '/home/meena/camera_ws'
[0.307s] Level 1:colcon.colcon_core.package_identification:_identify(.) by extensions ['ignore', 'ignore_ament_install']
[0.307s] Level 1:colcon.colcon_core.package_identification:_identify(.) by extension 'ignore'
[0.307s] Level 1:colcon.colcon_core.package_identification:_identify(.) by extension 'ignore_ament_install'
[0.307s] Level 1:colcon.colcon_core.package_identification:_identify(.) by extensions ['colcon_pkg']
[0.307s] Level 1:colcon.colcon_core.package_identification:_identify(.) by extension 'colcon_pkg'
[0.307s] Level 1:colcon.colcon_core.package_identification:_identify(.) by extensions ['colcon_meta']
[0.307s] Level 1:colcon.colcon_core.package_identification:_identify(.) by extension 'colcon_meta'
[0.307s] Level 1:colcon.colcon_core.package_identification:_identify(.) by extensions ['ros']
[0.307s] Level 1:colcon.colcon_core.package_identification:_identify(.) by extension 'ros'
[0.323s] Level 1:colcon.colcon_core.package_identification:_identify(.) by extensions ['cmake', 'python']
[0.323s] Level 1:colcon.colcon_core.package_identification:_identify(.) by extension 'cmake'
[0.323s] Level 1:colcon.colcon_core.package_identification:_identify(.) by extension 'python'
[0.323s] Level 1:colcon.colcon_core.package_identification:_identify(.) by extensions ['python_setup_py']
[0.323s] Level 1:colcon.colcon_core.package_identification:_identify(.) by extension 'python_setup_py'
[0.323s] Level 1:colcon.colcon_core.package_identification:_identify(build) by extensions ['ignore', 'ignore_ament_install']
[0.323s] Level 1:colcon.colcon_core.package_identification:_identify(build) by extension 'ignore'
[0.324s] Level 1:colcon.colcon_core.package_identification:_identify(build) ignored
[0.324s] Level 1:colcon.colcon_core.package_identification:_identify(install) by extensions ['ignore', 'ignore_ament_install']
[0.324s] Level 1:colcon.colcon_core.package_identification:_identify(install) by extension 'ignore'
[0.324s] Level 1:colcon.colcon_core.package_identification:_identify(install) ignored
[0.324s] Level 1:colcon.colcon_core.package_identification:_identify(log) by extensions ['ignore', 'ignore_ament_install']
[0.324s] Level 1:colcon.colcon_core.package_identification:_identify(log) by extension 'ignore'
[0.324s] Level 1:colcon.colcon_core.package_identification:_identify(log) ignored
[0.324s] Level 1:colcon.colcon_core.package_identification:_identify(src) by extensions ['ignore', 'ignore_ament_install']
[0.324s] Level 1:colcon.colcon_core.package_identification:_identify(src) by extension 'ignore'
[0.324s] Level 1:colcon.colcon_core.package_identification:_identify(src) by extension 'ignore_ament_install'
[0.324s] Level 1:colcon.colcon_core.package_identification:_identify(src) by extensions ['colcon_pkg']
[0.324s] Level 1:colcon.colcon_core.package_identification:_identify(src) by extension 'colcon_pkg'
[0.324s] Level 1:colcon.colcon_core.package_identification:_identify(src) by extensions ['colcon_meta']
[0.324s] Level 1:colcon.colcon_core.package_identification:_identify(src) by extension 'colcon_meta'
[0.324s] Level 1:colcon.colcon_core.package_identification:_identify(src) by extensions ['ros']
[0.324s] Level 1:colcon.colcon_core.package_identification:_identify(src) by extension 'ros'
[0.325s] Level 1:colcon.colcon_core.package_identification:_identify(src) by extensions ['cmake', 'python']
[0.325s] Level 1:colcon.colcon_core.package_identification:_identify(src) by extension 'cmake'
[0.325s] Level 1:colcon.colcon_core.package_identification:_identify(src) by extension 'python'
[0.325s] Level 1:colcon.colcon_core.package_identification:_identify(src) by extensions ['python_setup_py']
[0.325s] Level 1:colcon.colcon_core.package_identification:_identify(src) by extension 'python_setup_py'
[0.325s] Level 1:colcon.colcon_core.package_identification:_identify(src/cv_basics) by extensions ['ignore', 'ignore_ament_install']
[0.325s] Level 1:colcon.colcon_core.package_identification:_identify(src/cv_basics) by extension 'ignore'
[0.325s] Level 1:colcon.colcon_core.package_identification:_identify(src/cv_basics) by extension 'ignore_ament_install'
[0.325s] Level 1:colcon.colcon_core.package_identification:_identify(src/cv_basics) by extensions ['colcon_pkg']
[0.325s] Level 1:colcon.colcon_core.package_identification:_identify(src/cv_basics) by extension 'colcon_pkg'
[0.325s] Level 1:colcon.colcon_core.package_identification:_identify(src/cv_basics) by extensions ['colcon_meta']
[0.325s] Level 1:colcon.colcon_core.package_identification:_identify(src/cv_basics) by extension 'colcon_meta'
[0.325s] Level 1:colcon.colcon_core.package_identification:_identify(src/cv_basics) by extensions ['ros']
[0.325s] Level 1:colcon.colcon_core.package_identification:_identify(src/cv_basics) by extension 'ros'
[0.328s] DEBUG:colcon.colcon_core.package_identification:Package 'src/cv_basics' with type 'ros.ament_python' and name 'cv_basics'
[0.328s] Level 1:colcon.colcon_core.package_identification:_identify(src/web_video_server) by extensions ['ignore', 'ignore_ament_install']
[0.328s] Level 1:colcon.colcon_core.package_identification:_identify(src/web_video_server) by extension 'ignore'
[0.328s] Level 1:colcon.colcon_core.package_identification:_identify(src/web_video_server) by extension 'ignore_ament_install'
[0.328s] Level 1:colcon.colcon_core.package_identification:_identify(src/web_video_server) by extensions ['colcon_pkg']
[0.328s] Level 1:colcon.colcon_core.package_identification:_identify(src/web_video_server) by extension 'colcon_pkg'
[0.328s] Level 1:colcon.colcon_core.package_identification:_identify(src/web_video_server) by extensions ['colcon_meta']
[0.328s] Level 1:colcon.colcon_core.package_identification:_identify(src/web_video_server) by extension 'colcon_meta'
[0.328s] Level 1:colcon.colcon_core.package_identification:_identify(src/web_video_server) by extensions ['ros']
[0.328s] Level 1:colcon.colcon_core.package_identification:_identify(src/web_video_server) by extension 'ros'
[0.329s] DEBUG:colcon.colcon_core.package_identification:Package 'src/web_video_server' with type 'ros.ament_cmake' and name 'web_video_server'
[0.329s] Level 1:colcon.colcon_core.package_discovery:discover_packages(recursive) using defaults
[0.329s] Level 1:colcon.colcon_core.package_discovery:discover_packages(ignore) discover
[0.329s] Level 1:colcon.colcon_core.package_discovery:discover_packages(ignore) using defaults
[0.329s] Level 1:colcon.colcon_core.package_discovery:discover_packages(path) discover
[0.329s] Level 1:colcon.colcon_core.package_discovery:discover_packages(path) using defaults
[0.347s] Level 1:colcon.colcon_core.package_discovery:discover_packages(prefix_path) check parameters
[0.347s] Level 1:colcon.colcon_core.package_discovery:discover_packages(prefix_path) discover
[0.348s] WARNING:colcon.colcon_ros.prefix_path.ament:The path '/home/meena/camera_ws/install/web_video_server' in the environment variable AMENT_PREFIX_PATH doesn't exist
[0.348s] WARNING:colcon.colcon_ros.prefix_path.catkin:The path '/home/meena/camera_ws/install/web_video_server' in the environment variable CMAKE_PREFIX_PATH doesn't exist
[0.349s] DEBUG:colcon.colcon_installed_package_information.package_discovery:Found 0 installed packages in /home/meena/camera_ws/install
[0.351s] DEBUG:colcon.colcon_installed_package_information.package_discovery:Found 354 installed packages in /opt/ros/foxy
[0.353s] Level 1:colcon.colcon_core.package_discovery:discover_packages(prefix_path) using defaults
[0.427s] Level 5:colcon.colcon_core.verb:set package 'cv_basics' build argument 'cmake_args' from command line to 'None'
[0.427s] Level 5:colcon.colcon_core.verb:set package 'cv_basics' build argument 'cmake_target' from command line to 'None'
[0.427s] Level 5:colcon.colcon_core.verb:set package 'cv_basics' build argument 'cmake_target_skip_unavailable' from command line to 'False'
[0.427s] Level 5:colcon.colcon_core.verb:set package 'cv_basics' build argument 'cmake_clean_cache' from command line to 'False'
[0.427s] Level 5:colcon.colcon_core.verb:set package 'cv_basics' build argument 'cmake_clean_first' from command line to 'False'
[0.427s] Level 5:colcon.colcon_core.verb:set package 'cv_basics' build argument 'cmake_force_configure' from command line to 'False'
[0.427s] Level 5:colcon.colcon_core.verb:set package 'cv_basics' build argument 'ament_cmake_args' from command line to 'None'
[0.427s] Level 5:colcon.colcon_core.verb:set package 'cv_basics' build argument 'catkin_cmake_args' from command line to 'None'
[0.427s] Level 5:colcon.colcon_core.verb:set package 'cv_basics' build argument 'catkin_skip_building_tests' from command line to 'False'
[0.427s] DEBUG:colcon.colcon_core.verb:Building package 'cv_basics' with the following arguments: {'ament_cmake_args': None, 'build_base': '/home/meena/camera_ws/build/cv_basics', 'catkin_cmake_args': None, 'catkin_skip_building_tests': False, 'cmake_args': None, 'cmake_clean_cache': False, 'cmake_clean_first': False, 'cmake_force_configure': False, 'cmake_target': None, 'cmake_target_skip_unavailable': False, 'install_base': '/home/meena/camera_ws/install/cv_basics', 'merge_install': False, 'path': '/home/meena/camera_ws/src/cv_basics', 'symlink_install': False, 'test_result_base': None}
[0.428s] Level 5:colcon.colcon_core.verb:set package 'web_video_server' build argument 'cmake_args' from command line to 'None'
[0.428s] Level 5:colcon.colcon_core.verb:set package 'web_video_server' build argument 'cmake_target' from command line to 'None'
[0.428s] Level 5:colcon.colcon_core.verb:set package 'web_video_server' build argument 'cmake_target_skip_unavailable' from command line to 'False'
[0.428s] Level 5:colcon.colcon_core.verb:set package 'web_video_server' build argument 'cmake_clean_cache' from command line to 'False'
[0.428s] Level 5:colcon.colcon_core.verb:set package 'web_video_server' build argument 'cmake_clean_first' from command line to 'False'
[0.428s] Level 5:colcon.colcon_core.verb:set package 'web_video_server' build argument 'cmake_force_configure' from command line to 'False'
[0.428s] Level 5:colcon.colcon_core.verb:set package 'web_video_server' build argument 'ament_cmake_args' from command line to 'None'
[0.428s] Level 5:colcon.colcon_core.verb:set package 'web_video_server' build argument 'catkin_cmake_args' from command line to 'None'
[0.428s] Level 5:colcon.colcon_core.verb:set package 'web_video_server' build argument 'catkin_skip_building_tests' from command line to 'False'
[0.428s] DEBUG:colcon.colcon_core.verb:Building package 'web_video_server' with the following arguments: {'ament_cmake_args': None, 'build_base': '/home/meena/camera_ws/build/web_video_server', 'catkin_cmake_args': None, 'catkin_skip_building_tests': False, 'cmake_args': None, 'cmake_clean_cache': False, 'cmake_clean_first': False, 'cmake_force_configure': False, 'cmake_target': None, 'cmake_target_skip_unavailable': False, 'install_base': '/home/meena/camera_ws/install/web_video_server', 'merge_install': False, 'path': '/home/meena/camera_ws/src/web_video_server', 'symlink_install': False, 'test_result_base': None}
[0.429s] INFO:colcon.colcon_core.executor:Executing jobs using 'parallel' executor
[0.432s] DEBUG:colcon.colcon_parallel_executor.executor.parallel:run_until_complete
[0.432s] INFO:colcon.colcon_ros.task.ament_python.build:Building ROS package in '/home/meena/camera_ws/src/cv_basics' with build type 'ament_python'
[0.432s] Level 1:colcon.colcon_core.shell:create_environment_hook('cv_basics', 'ament_prefix_path')
[0.436s] INFO:colcon.colcon_core.plugin_system:Skipping extension 'colcon_core.shell.bat': Not used on non-Windows systems
[0.436s] INFO:colcon.colcon_core.shell:Creating environment hook '/home/meena/camera_ws/install/cv_basics/share/cv_basics/hook/ament_prefix_path.ps1'
[0.437s] INFO:colcon.colcon_core.shell:Creating environment descriptor '/home/meena/camera_ws/install/cv_basics/share/cv_basics/hook/ament_prefix_path.dsv'
[0.437s] INFO:colcon.colcon_core.shell:Creating environment hook '/home/meena/camera_ws/install/cv_basics/share/cv_basics/hook/ament_prefix_path.sh'
[0.439s] INFO:colcon.colcon_core.shell:Skip shell extension 'powershell' for command environment: Not usable outside of PowerShell
[0.439s] DEBUG:colcon.colcon_core.shell:Skip shell extension 'dsv' for command environment
[0.444s] INFO:colcon.colcon_ros.task.ament_cmake.build:Building ROS package in '/home/meena/camera_ws/src/web_video_server' with build type 'ament_cmake'
[0.444s] INFO:colcon.colcon_cmake.task.cmake.build:Building CMake package in '/home/meena/camera_ws/src/web_video_server'
[0.446s] INFO:colcon.colcon_core.shell:Skip shell extension 'powershell' for command environment: Not usable outside of PowerShell
[0.446s] DEBUG:colcon.colcon_core.shell:Skip shell extension 'dsv' for command environment
[0.651s] INFO:colcon.colcon_core.task.python.build:Building Python package in '/home/meena/camera_ws/src/cv_basics'
[0.652s] INFO:colcon.colcon_core.shell:Skip shell extension 'powershell' for command environment: Not usable outside of PowerShell
[0.652s] DEBUG:colcon.colcon_core.shell:Skip shell extension 'dsv' for command environment
[0.662s] DEBUG:colcon.colcon_core.event_handler.log_command:Invoking command in '/home/meena/camera_ws/build/web_video_server': CMAKE_PREFIX_PATH=${CMAKE_PREFIX_PATH}:/opt/ros/foxy /usr/bin/cmake /home/meena/camera_ws/src/web_video_server -DCMAKE_INSTALL_PREFIX=/home/meena/camera_ws/install/web_video_server
[1.118s] DEBUG:colcon.colcon_core.event_handler.log_command:Invoking command in '/home/meena/camera_ws/src/cv_basics': PYTHONPATH=/home/meena/camera_ws/build/cv_basics/prefix_override:/home/meena/camera_ws/install/cv_basics/lib/python3.8/site-packages:${PYTHONPATH} /usr/bin/python3 setup.py egg_info --egg-base ../../build/cv_basics build --build-base /home/meena/camera_ws/build/cv_basics/build install --record /home/meena/camera_ws/build/cv_basics/install.log --install-scripts $base/lib/cv_basics --single-version-externally-managed
[1.388s] DEBUG:colcon.colcon_core.event_handler.log_command:Invoked command in '/home/meena/camera_ws/src/cv_basics' returned '0': PYTHONPATH=/home/meena/camera_ws/build/cv_basics/prefix_override:/home/meena/camera_ws/install/cv_basics/lib/python3.8/site-packages:${PYTHONPATH} /usr/bin/python3 setup.py egg_info --egg-base ../../build/cv_basics build --build-base /home/meena/camera_ws/build/cv_basics/build install --record /home/meena/camera_ws/build/cv_basics/install.log --install-scripts $base/lib/cv_basics --single-version-externally-managed
[1.395s] Level 1:colcon.colcon_core.environment:checking '/home/meena/camera_ws/install/cv_basics' for CMake module files
[1.396s] Level 1:colcon.colcon_core.environment:checking '/home/meena/camera_ws/install/cv_basics' for CMake config files
[1.396s] Level 1:colcon.colcon_core.environment:checking '/home/meena/camera_ws/install/cv_basics/lib'
[1.397s] Level 1:colcon.colcon_core.environment:checking '/home/meena/camera_ws/install/cv_basics/bin'
[1.397s] Level 1:colcon.colcon_core.environment:checking '/home/meena/camera_ws/install/cv_basics/lib/pkgconfig/cv_basics.pc'
[1.397s] Level 1:colcon.colcon_core.environment:checking '/home/meena/camera_ws/install/cv_basics/lib/python3.8/site-packages'
[1.397s] Level 1:colcon.colcon_core.shell:create_environment_hook('cv_basics', 'pythonpath')
[1.400s] INFO:colcon.colcon_core.shell:Creating environment hook '/home/meena/camera_ws/install/cv_basics/share/cv_basics/hook/pythonpath.ps1'
[1.400s] INFO:colcon.colcon_core.shell:Creating environment descriptor '/home/meena/camera_ws/install/cv_basics/share/cv_basics/hook/pythonpath.dsv'
[1.400s] INFO:colcon.colcon_core.shell:Creating environment hook '/home/meena/camera_ws/install/cv_basics/share/cv_basics/hook/pythonpath.sh'
[1.401s] Level 1:colcon.colcon_core.environment:checking '/home/meena/camera_ws/install/cv_basics/bin'
[1.401s] Level 1:colcon.colcon_core.environment:create_environment_scripts_only(cv_basics)
[1.403s] INFO:colcon.colcon_core.shell:Creating package script '/home/meena/camera_ws/install/cv_basics/share/cv_basics/package.ps1'
[1.404s] INFO:colcon.colcon_core.shell:Creating package descriptor '/home/meena/camera_ws/install/cv_basics/share/cv_basics/package.dsv'
[1.405s] INFO:colcon.colcon_core.shell:Creating package script '/home/meena/camera_ws/install/cv_basics/share/cv_basics/package.sh'
[1.406s] INFO:colcon.colcon_core.shell:Creating package script '/home/meena/camera_ws/install/cv_basics/share/cv_basics/package.bash'
[1.407s] INFO:colcon.colcon_core.shell:Creating package script '/home/meena/camera_ws/install/cv_basics/share/cv_basics/package.zsh'
[1.408s] Level 1:colcon.colcon_core.environment:create_file_with_runtime_dependencies(/home/meena/camera_ws/install/cv_basics/share/colcon-core/packages/cv_basics)
[2.656s] DEBUG:colcon.colcon_core.event_handler.log_command:Invoked command in '/home/meena/camera_ws/build/web_video_server' returned '0': CMAKE_PREFIX_PATH=${CMAKE_PREFIX_PATH}:/opt/ros/foxy /usr/bin/cmake /home/meena/camera_ws/src/web_video_server -DCMAKE_INSTALL_PREFIX=/home/meena/camera_ws/install/web_video_server
[2.659s] DEBUG:colcon.colcon_core.event_handler.log_command:Invoking command in '/home/meena/camera_ws/build/web_video_server': CMAKE_PREFIX_PATH=${CMAKE_PREFIX_PATH}:/opt/ros/foxy /usr/bin/cmake --build /home/meena/camera_ws/build/web_video_server -- -j12 -l12
[14.826s] DEBUG:colcon.colcon_core.event_handler.log_command:Invoked command in '/home/meena/camera_ws/build/web_video_server' returned '0': CMAKE_PREFIX_PATH=${CMAKE_PREFIX_PATH}:/opt/ros/foxy /usr/bin/cmake --build /home/meena/camera_ws/build/web_video_server -- -j12 -l12
[14.867s] DEBUG:colcon.colcon_core.event_handler.log_command:Invoking command in '/home/meena/camera_ws/build/web_video_server': CMAKE_PREFIX_PATH=${CMAKE_PREFIX_PATH}:/opt/ros/foxy /usr/bin/cmake --install /home/meena/camera_ws/build/web_video_server
[14.879s] Level 1:colcon.colcon_core.environment:create_environment_scripts_only(web_video_server)
[14.881s] Level 1:colcon.colcon_core.environment:checking '/home/meena/camera_ws/install/web_video_server' for CMake module files
[14.881s] DEBUG:colcon.colcon_core.event_handler.log_command:Invoked command in '/home/meena/camera_ws/build/web_video_server' returned '0': CMAKE_PREFIX_PATH=${CMAKE_PREFIX_PATH}:/opt/ros/foxy /usr/bin/cmake --install /home/meena/camera_ws/build/web_video_server
[14.882s] Level 1:colcon.colcon_core.environment:checking '/home/meena/camera_ws/install/web_video_server' for CMake config files
[14.882s] Level 1:colcon.colcon_core.shell:create_environment_hook('web_video_server', 'cmake_prefix_path')
[14.883s] INFO:colcon.colcon_core.shell:Creating environment hook '/home/meena/camera_ws/install/web_video_server/share/web_video_server/hook/cmake_prefix_path.ps1'
[14.884s] INFO:colcon.colcon_core.shell:Creating environment descriptor '/home/meena/camera_ws/install/web_video_server/share/web_video_server/hook/cmake_prefix_path.dsv'
[14.884s] INFO:colcon.colcon_core.shell:Creating environment hook '/home/meena/camera_ws/install/web_video_server/share/web_video_server/hook/cmake_prefix_path.sh'
[14.884s] Level 1:colcon.colcon_core.environment:checking '/home/meena/camera_ws/install/web_video_server/lib'
[14.885s] Level 1:colcon.colcon_core.environment:checking '/home/meena/camera_ws/install/web_video_server/bin'
[14.885s] Level 1:colcon.colcon_core.environment:checking '/home/meena/camera_ws/install/web_video_server/lib/pkgconfig/web_video_server.pc'
[14.885s] Level 1:colcon.colcon_core.environment:checking '/home/meena/camera_ws/install/web_video_server/lib/python3.8/site-packages'
[14.885s] Level 1:colcon.colcon_core.environment:checking '/home/meena/camera_ws/install/web_video_server/bin'
[14.886s] INFO:colcon.colcon_core.shell:Creating package script '/home/meena/camera_ws/install/web_video_server/share/web_video_server/package.ps1'
[14.887s] INFO:colcon.colcon_core.shell:Creating package descriptor '/home/meena/camera_ws/install/web_video_server/share/web_video_server/package.dsv'
[14.887s] INFO:colcon.colcon_core.shell:Creating package script '/home/meena/camera_ws/install/web_video_server/share/web_video_server/package.sh'
[14.887s] INFO:colcon.colcon_core.shell:Creating package script '/home/meena/camera_ws/install/web_video_server/share/web_video_server/package.bash'
[14.887s] INFO:colcon.colcon_core.shell:Creating package script '/home/meena/camera_ws/install/web_video_server/share/web_video_server/package.zsh'
[14.888s] Level 1:colcon.colcon_core.environment:create_file_with_runtime_dependencies(/home/meena/camera_ws/install/web_video_server/share/colcon-core/packages/web_video_server)
[14.917s] Level 1:colcon.colcon_core.environment:create_environment_scripts_only(web_video_server)
[14.919s] Level 1:colcon.colcon_core.environment:checking '/home/meena/camera_ws/install/web_video_server' for CMake module files
[14.919s] Level 1:colcon.colcon_core.environment:checking '/home/meena/camera_ws/install/web_video_server' for CMake config files
[14.919s] Level 1:colcon.colcon_core.shell:create_environment_hook('web_video_server', 'cmake_prefix_path')
[14.921s] INFO:colcon.colcon_core.shell:Creating environment hook '/home/meena/camera_ws/install/web_video_server/share/web_video_server/hook/cmake_prefix_path.ps1'
[14.921s] INFO:colcon.colcon_core.shell:Creating environment descriptor '/home/meena/camera_ws/install/web_video_server/share/web_video_server/hook/cmake_prefix_path.dsv'
[14.921s] INFO:colcon.colcon_core.shell:Creating environment hook '/home/meena/camera_ws/install/web_video_server/share/web_video_server/hook/cmake_prefix_path.sh'
[14.922s] Level 1:colcon.colcon_core.environment:checking '/home/meena/camera_ws/install/web_video_server/lib'
[14.922s] Level 1:colcon.colcon_core.environment:checking '/home/meena/camera_ws/install/web_video_server/bin'
[14.922s] Level 1:colcon.colcon_core.environment:checking '/home/meena/camera_ws/install/web_video_server/lib/pkgconfig/web_video_server.pc'
[14.922s] Level 1:colcon.colcon_core.environment:checking '/home/meena/camera_ws/install/web_video_server/lib/python3.8/site-packages'
[14.922s] Level 1:colcon.colcon_core.environment:checking '/home/meena/camera_ws/install/web_video_server/bin'
[14.924s] INFO:colcon.colcon_core.shell:Creating package script '/home/meena/camera_ws/install/web_video_server/share/web_video_server/package.ps1'
[14.924s] INFO:colcon.colcon_core.shell:Creating package descriptor '/home/meena/camera_ws/install/web_video_server/share/web_video_server/package.dsv'
[14.925s] INFO:colcon.colcon_core.shell:Creating package script '/home/meena/camera_ws/install/web_video_server/share/web_video_server/package.sh'
[14.925s] INFO:colcon.colcon_core.shell:Creating package script '/home/meena/camera_ws/install/web_video_server/share/web_video_server/package.bash'
[14.925s] INFO:colcon.colcon_core.shell:Creating package script '/home/meena/camera_ws/install/web_video_server/share/web_video_server/package.zsh'
[14.926s] Level 1:colcon.colcon_core.environment:create_file_with_runtime_dependencies(/home/meena/camera_ws/install/web_video_server/share/colcon-core/packages/web_video_server)
[14.926s] DEBUG:colcon.colcon_parallel_executor.executor.parallel:closing loop
[14.926s] DEBUG:colcon.colcon_parallel_executor.executor.parallel:loop closed
[14.926s] DEBUG:colcon.colcon_parallel_executor.executor.parallel:run_until_complete finished with '0'
[14.926s] DEBUG:colcon.colcon_core.event_reactor:joining thread
[14.932s] INFO:colcon.colcon_core.plugin_system:Skipping extension 'colcon_notification.desktop_notification.terminal_notifier': Not used on non-Darwin systems
[14.932s] INFO:colcon.colcon_core.plugin_system:Skipping extension 'colcon_notification.desktop_notification.win32': Not used on non-Windows systems
[14.932s] INFO:colcon.colcon_notification.desktop_notification:Sending desktop notification using 'notify2'
[14.945s] DEBUG:colcon.colcon_core.event_reactor:joined thread
[14.947s] INFO:colcon.colcon_core.shell:Creating prefix script '/home/meena/camera_ws/install/local_setup.ps1'
[14.948s] INFO:colcon.colcon_core.shell:Creating prefix util module '/home/meena/camera_ws/install/_local_setup_util_ps1.py'
[14.949s] INFO:colcon.colcon_core.shell:Creating prefix chain script '/home/meena/camera_ws/install/setup.ps1'
[14.950s] INFO:colcon.colcon_core.shell:Creating prefix script '/home/meena/camera_ws/install/local_setup.sh'
[14.951s] INFO:colcon.colcon_core.shell:Creating prefix util module '/home/meena/camera_ws/install/_local_setup_util_sh.py'
[14.951s] INFO:colcon.colcon_core.shell:Creating prefix chain script '/home/meena/camera_ws/install/setup.sh'
[14.952s] INFO:colcon.colcon_core.shell:Creating prefix script '/home/meena/camera_ws/install/local_setup.bash'
[14.952s] INFO:colcon.colcon_core.shell:Creating prefix chain script '/home/meena/camera_ws/install/setup.bash'
[14.954s] INFO:colcon.colcon_core.shell:Creating prefix script '/home/meena/camera_ws/install/local_setup.zsh'
[14.954s] INFO:colcon.colcon_core.shell:Creating prefix chain script '/home/meena/camera_ws/install/setup.zsh'
