[0.650s] Invoking command in '/home/meena/camera_ws/src/cv_basics': PYTHONPATH=/home/meena/camera_ws/build/cv_basics/prefix_override:/home/meena/camera_ws/install/cv_basics/lib/python3.8/site-packages:${PYTHONPATH} /usr/bin/python3 setup.py egg_info --egg-base ../../build/cv_basics build --build-base /home/meena/camera_ws/build/cv_basics/build install --record /home/meena/camera_ws/build/cv_basics/install.log --install-scripts $base/lib/cv_basics --single-version-externally-managed
[0.840s] running egg_info
[0.841s] writing ../../build/cv_basics/cv_basics.egg-info/PKG-INFO
[0.841s] writing dependency_links to ../../build/cv_basics/cv_basics.egg-info/dependency_links.txt
[0.841s] writing entry points to ../../build/cv_basics/cv_basics.egg-info/entry_points.txt
[0.841s] writing requirements to ../../build/cv_basics/cv_basics.egg-info/requires.txt
[0.841s] writing top-level names to ../../build/cv_basics/cv_basics.egg-info/top_level.txt
[0.871s] reading manifest file '../../build/cv_basics/cv_basics.egg-info/SOURCES.txt'
[0.872s] writing manifest file '../../build/cv_basics/cv_basics.egg-info/SOURCES.txt'
[0.872s] running build
[0.873s] running build_py
[0.873s] running install
[0.874s] running install_lib
[0.875s] running install_data
[0.875s] running install_egg_info
[0.877s] removing '/home/meena/camera_ws/install/cv_basics/lib/python3.8/site-packages/cv_basics-0.0.0-py3.8.egg-info' (and everything under it)
[0.877s] Copying ../../build/cv_basics/cv_basics.egg-info to /home/meena/camera_ws/install/cv_basics/lib/python3.8/site-packages/cv_basics-0.0.0-py3.8.egg-info
[0.878s] running install_scripts
[0.892s] Installing img_subscriber script to /home/meena/camera_ws/install/cv_basics/lib/cv_basics
[0.892s] writing list of installed files to '/home/meena/camera_ws/build/cv_basics/install.log'
[0.909s] Invoked command in '/home/meena/camera_ws/src/cv_basics' returned '0': PYTHONPATH=/home/meena/camera_ws/build/cv_basics/prefix_override:/home/meena/camera_ws/install/cv_basics/lib/python3.8/site-packages:${PYTHONPATH} /usr/bin/python3 setup.py egg_info --egg-base ../../build/cv_basics build --build-base /home/meena/camera_ws/build/cv_basics/build install --record /home/meena/camera_ws/build/cv_basics/install.log --install-scripts $base/lib/cv_basics --single-version-externally-managed
