[0.659s] Invoking command in '/home/meena/camera_ws/src/cv_basics': PYTHONPATH=/home/meena/camera_ws/build/cv_basics/prefix_override:/home/meena/camera_ws/install/cv_basics/lib/python3.8/site-packages:${PYTHONPATH} /usr/bin/python3 setup.py egg_info --egg-base ../../build/cv_basics build --build-base /home/meena/camera_ws/build/cv_basics/build install --record /home/meena/camera_ws/build/cv_basics/install.log --install-scripts $base/lib/cv_basics --single-version-externally-managed
[0.856s] running egg_info
[0.856s] writing ../../build/cv_basics/cv_basics.egg-info/PKG-INFO
[0.856s] writing dependency_links to ../../build/cv_basics/cv_basics.egg-info/dependency_links.txt
[0.856s] writing entry points to ../../build/cv_basics/cv_basics.egg-info/entry_points.txt
[0.857s] writing requirements to ../../build/cv_basics/cv_basics.egg-info/requires.txt
[0.857s] writing top-level names to ../../build/cv_basics/cv_basics.egg-info/top_level.txt
[0.886s] reading manifest file '../../build/cv_basics/cv_basics.egg-info/SOURCES.txt'
[0.887s] writing manifest file '../../build/cv_basics/cv_basics.egg-info/SOURCES.txt'
[0.887s] running build
[0.887s] running build_py
[0.887s] running install
[0.888s] running install_lib
[0.889s] running install_data
[0.889s] copying package.xml -> /home/meena/camera_ws/install/cv_basics/share/cv_basics
[0.889s] running install_egg_info
[0.890s] removing '/home/meena/camera_ws/install/cv_basics/lib/python3.8/site-packages/cv_basics-0.0.0-py3.8.egg-info' (and everything under it)
[0.891s] Copying ../../build/cv_basics/cv_basics.egg-info to /home/meena/camera_ws/install/cv_basics/lib/python3.8/site-packages/cv_basics-0.0.0-py3.8.egg-info
[0.891s] running install_scripts
[0.905s] Installing img_subscriber script to /home/meena/camera_ws/install/cv_basics/lib/cv_basics
[0.906s] writing list of installed files to '/home/meena/camera_ws/build/cv_basics/install.log'
[0.921s] Invoked command in '/home/meena/camera_ws/src/cv_basics' returned '0': PYTHONPATH=/home/meena/camera_ws/build/cv_basics/prefix_override:/home/meena/camera_ws/install/cv_basics/lib/python3.8/site-packages:${PYTHONPATH} /usr/bin/python3 setup.py egg_info --egg-base ../../build/cv_basics build --build-base /home/meena/camera_ws/build/cv_basics/build install --record /home/meena/camera_ws/build/cv_basics/install.log --install-scripts $base/lib/cv_basics --single-version-externally-managed
